Erlang/OTP 27 [erts-15.2.6] [source] [64-bit] [smp:12:12] [ds:12:12:10] [async-threads:1] [jit]

    warning: variable "nowstamp" is unused (if the variable is not meant to be used, prefix it with an underscore)
    â”‚
 50 â”‚     nowstamp = DateTime.to_unix(datetime)
    â”‚     ~~~~~~~~
    â”‚
    â””â”€ lib/where_corro/discoverer.ex:50:5: WhereCorro.Discoverer.is_older/2

    warning: variable "threshold" is unused (if the variable is not meant to be used, prefix it with an underscore)
    â”‚
 48 â”‚   def is_older(timestamp, threshold) do
    â”‚                           ~~~~~~~~~
    â”‚
    â””â”€ lib/where_corro/discoverer.ex:48:27: WhereCorro.Discoverer.is_older/2

    warning: variable "timestamp" is unused (if the variable is not meant to be used, prefix it with an underscore)
    â”‚
 48 â”‚   def is_older(timestamp, threshold) do
    â”‚                ~~~~~~~~~
    â”‚
    â””â”€ lib/where_corro/discoverer.ex:48:16: WhereCorro.Discoverer.is_older/2

    warning: do not use "length(corrosion_nodes) > 0" to check if a list is not empty since length always traverses the whole list. Prefer to pattern match on a non-empty list, such as [_ | _], or use "corrosion_nodes != []" as a guard
    â”‚
 70 â”‚       {:ok, corrosion_nodes} when length(corrosion_nodes) > 0 ->
    â”‚                                                           ~
    â”‚
    â””â”€ lib/where_corro/propagation/local_node_discovery.ex:70:59

    warning: variable "message" is unused (if the variable is not meant to be used, prefix it with an underscore)
    â”‚
 99 â”‚   def handle_info({"message_watch", [node_id, message, sequence, timestamp]}, state) do
    â”‚                                               ~~~~~~~
    â”‚
    â””â”€ lib/where_corro/propagation/message_propagator.ex:99:47: WhereCorro.Propagation.MessagePropagator.handle_info/2

    warning: do not use "length(nodes) > 0" to check if a list is not empty since length always traverses the whole list. Prefer to pattern match on a non-empty list, such as [_ | _], or use "nodes != []" as a guard
    â”‚
 47 â”‚       {:ok, nodes} when length(nodes) > 0 ->
    â”‚                                       ~
    â”‚
    â””â”€ lib/where_corro/propagation/node_discovery.ex:47:39

    warning: variable "x" is unused (if the variable is not meant to be used, prefix it with an underscore)
    â”‚
 91 â”‚         <%= for x <- 0..8 do %>
    â”‚                 ~
    â”‚
    â””â”€ lib/where_corro_web/components/propagation_map.ex:91:17: WhereCorroWeb.Components.PropagationMap.propagation_map/1

    warning: variable "y" is unused (if the variable is not meant to be used, prefix it with an underscore)
    â”‚
 94 â”‚         <%= for y <- 0..3 do %>
    â”‚                 ~
    â”‚
    â””â”€ lib/where_corro_web/components/propagation_map.ex:94:17: WhereCorroWeb.Components.PropagationMap.propagation_map/1

    warning: outdented heredoc line. The contents inside the heredoc should be indented at the same level as the closing """. The following is forbidden:

        def text do
          """
        contents
          """
        end

    Instead make sure the contents are indented as much as the heredoc closing:

        def text do
          """
          contents
          """
        end

    The current heredoc line is indented too little
    â”‚
 79 â”‚   "p-4 rounded-lg border-2",
    â”‚       ~
    â”‚
    â””â”€ lib/where_corro_web/live/propagation_live.ex:79:7

     warning: variable "known_node_ids" is unused (if the variable is not meant to be used, prefix it with an underscore)
     â”‚
 356 â”‚     known_node_ids = Map.keys(node_statuses)
     â”‚     ~~~~~~~~~~~~~~
     â”‚
     â””â”€ lib/where_corro_web/live/propagation_live.ex:356:5: WhereCorroWeb.PropagationLive.handle_info/2

     warning: function extract_region_from_node_id/1 is unused
     â”‚
 417 â”‚   defp extract_region_from_node_id(node_id) do
     â”‚        ~
     â”‚
     â””â”€ lib/where_corro_web/live/propagation_live.ex:417:8: WhereCorroWeb.PropagationLive (module)

     warning: function discover_existing_nodes/0 is unused
     â”‚
 390 â”‚   defp discover_existing_nodes do
     â”‚        ~
     â”‚
     â””â”€ lib/where_corro_web/live/propagation_live.ex:390:8: WhereCorroWeb.PropagationLive (module)


13:52:33.703 [info] configuring where_corro app vars in runtime.exs

13:52:33.703 [info] ðŸ  Configuring for local cluster mode
[info] Running WhereCorroWeb.Endpoint with cowboy 2.13.0 at 127.0.0.1:4000 (http)
[info] Access WhereCorroWeb.Endpoint at http://localhost:4000
[info] ðŸ  MessagePropagator starting in local cluster mode
[watch] build finished, watching for changes...
warning: using single-quoted strings to represent charlists is deprecated.
Use ~c"" if you indeed want a charlist or use "" instead.
You may run "mix format --migrate" to change all single-quoted
strings to use the ~c sigil and fix this warning.
â””â”€ nofile:1:21

[info] get_aaaa_record received an nxdomain error.
result of get_aaaa_record inside get_corro_ipv6: {:error, :nxdomain}
warning: using single-quoted strings to represent charlists is deprecated.
Use ~c"" if you indeed want a charlist or use "" instead.
You may run "mix format --migrate" to change all single-quoted
strings to use the ~c sigil and fix this warning.
â””â”€ nofile:1:21

[debug] Parsed Corrosion response: [%{"results" => [%{"rows_affected" => 0, "time" => 6.4e-5}], "time" => 4.7575e-4, "version" => nil}]
[debug] Transaction affected 0 rows
[info] âœ… Initialized node message entry
[info] ðŸ‘€ Started Corrosion message watch
Interactive Elixir (1.18.3) - press Ctrl+C to exit (type h() ENTER for help)

Rebuilding...
